2015-03-16 00:26:41,245 [Worker-1] INFO  o.e.m.c.i.l.LifecycleMappingFactory - Using org.eclipse.m2e.jdt.JarLifecycleMapping lifecycle mapping for MavenProject: com.satya:core:0.0.1-SNAPSHOT @ E:\PLA\core\pom.xml.
2015-03-16 00:26:45,640 [Worker-1] INFO  o.e.m.j.i.AbstractJavaProjectConfigurator - Adding source folder /core/src/main/java
2015-03-16 00:26:45,641 [Worker-1] INFO  o.e.m.j.i.AbstractJavaProjectConfigurator - Adding source folder /core/src/test/java
2015-03-16 00:26:45,694 [Worker-8] INFO  o.e.m.c.i.l.LifecycleMappingFactory - Using org.eclipse.m2e.jdt.JarLifecycleMapping lifecycle mapping for MavenProject: com.satya:core:0.0.1-SNAPSHOT @ E:\PLA\core\pom.xml.
2015-03-16 00:26:45,728 [Worker-1] INFO  o.e.m.c.i.p.ProjectConfigurationManager - Imported and configured 1 project(s) in 19 sec
2015-03-16 00:26:50,271 [Worker-6] INFO  o.e.m.c.i.embedder.EclipseLogger - Using 'UTF-8' encoding to copy filtered resources.
2015-03-16 00:26:50,271 [Worker-6] INFO  o.e.m.c.i.embedder.EclipseLogger - skip non existing resourceDirectory E:\PLA\core\src\main\resources
2015-03-16 00:26:50,275 [Worker-6] INFO  o.e.m.c.i.embedder.EclipseLogger - Using 'UTF-8' encoding to copy filtered resources.
2015-03-16 00:26:50,275 [Worker-6] INFO  o.e.m.c.i.embedder.EclipseLogger - skip non existing resourceDirectory E:\PLA\core\src\test\resources
2015-03-16 00:26:59,206 [Worker-4] INFO  o.e.m.c.i.embedder.EclipseLogger - Using 'UTF-8' encoding to copy filtered resources.
2015-03-16 00:26:59,206 [Worker-4] INFO  o.e.m.c.i.embedder.EclipseLogger - skip non existing resourceDirectory E:\PLA\core\src\main\resources
2015-03-16 00:26:59,208 [Worker-4] INFO  o.e.m.c.i.embedder.EclipseLogger - Using 'UTF-8' encoding to copy filtered resources.
2015-03-16 00:26:59,208 [Worker-4] INFO  o.e.m.c.i.embedder.EclipseLogger - skip non existing resourceDirectory E:\PLA\core\src\test\resources
2015-03-16 17:12:54,139 [Worker-17] INFO  o.e.m.c.i.embedder.EclipseLogger - Using 'UTF-8' encoding to copy filtered resources.
2015-03-16 17:12:54,139 [Worker-17] INFO  o.e.m.c.i.embedder.EclipseLogger - skip non existing resourceDirectory E:\PLA\core\src\main\resources
2015-03-16 17:12:54,141 [Worker-17] INFO  o.e.m.c.i.embedder.EclipseLogger - Using 'UTF-8' encoding to copy filtered resources.
2015-03-16 17:12:54,142 [Worker-17] INFO  o.e.m.c.i.embedder.EclipseLogger - skip non existing resourceDirectory E:\PLA\core\src\test\resources
2015-03-16 17:13:35,975 [Worker-17] INFO  o.e.m.c.i.embedder.EclipseLogger - Using 'UTF-8' encoding to copy filtered resources.
2015-03-16 17:13:35,975 [Worker-17] INFO  o.e.m.c.i.embedder.EclipseLogger - skip non existing resourceDirectory E:\PLA\core\src\main\resources
2015-03-16 17:13:35,977 [Worker-17] INFO  o.e.m.c.i.embedder.EclipseLogger - Using 'UTF-8' encoding to copy filtered resources.
2015-03-16 17:13:35,977 [Worker-17] INFO  o.e.m.c.i.embedder.EclipseLogger - skip non existing resourceDirectory E:\PLA\core\src\test\resources
2015-03-16 18:27:22,903 [Worker-32] INFO  o.e.m.c.i.embedder.EclipseLogger - Using 'UTF-8' encoding to copy filtered resources.
2015-03-16 18:27:22,903 [Worker-32] INFO  o.e.m.c.i.embedder.EclipseLogger - skip non existing resourceDirectory E:\PLA\core\src\main\resources
2015-03-16 18:27:22,905 [Worker-32] INFO  o.e.m.c.i.embedder.EclipseLogger - Using 'UTF-8' encoding to copy filtered resources.
2015-03-16 18:27:22,905 [Worker-32] INFO  o.e.m.c.i.embedder.EclipseLogger - skip non existing resourceDirectory E:\PLA\core\src\test\resources
2015-03-17 08:46:39,768 [Worker-41] INFO  o.e.m.c.i.embedder.EclipseLogger - Using 'UTF-8' encoding to copy filtered resources.
2015-03-17 08:46:39,768 [Worker-41] INFO  o.e.m.c.i.embedder.EclipseLogger - skip non existing resourceDirectory E:\PLA\core\src\main\resources
2015-03-17 08:46:39,770 [Worker-41] INFO  o.e.m.c.i.embedder.EclipseLogger - Using 'UTF-8' encoding to copy filtered resources.
2015-03-17 08:46:39,770 [Worker-41] INFO  o.e.m.c.i.embedder.EclipseLogger - skip non existing resourceDirectory E:\PLA\core\src\test\resources
2015-03-17 08:47:00,981 [Worker-42] INFO  o.e.m.c.i.embedder.EclipseLogger - Using 'UTF-8' encoding to copy filtered resources.
2015-03-17 08:47:00,981 [Worker-42] INFO  o.e.m.c.i.embedder.EclipseLogger - skip non existing resourceDirectory E:\PLA\core\src\main\resources
2015-03-17 08:47:00,983 [Worker-42] INFO  o.e.m.c.i.embedder.EclipseLogger - Using 'UTF-8' encoding to copy filtered resources.
2015-03-17 08:47:00,983 [Worker-42] INFO  o.e.m.c.i.embedder.EclipseLogger - skip non existing resourceDirectory E:\PLA\core\src\test\resources
2015-03-29 13:25:23,100 [Worker-3] INFO  o.e.m.c.i.l.LifecycleMappingFactory - Using org.eclipse.m2e.jdt.JarLifecycleMapping lifecycle mapping for MavenProject: com.satya:core:0.0.1-SNAPSHOT @ E:\PLA\core\pom.xml.
2015-03-29 13:25:36,088 [Worker-3] INFO  o.e.m.c.i.embedder.EclipseLogger - Using 'UTF-8' encoding to copy filtered resources.
2015-03-29 13:25:36,088 [Worker-3] INFO  o.e.m.c.i.embedder.EclipseLogger - skip non existing resourceDirectory E:\PLA\core\src\main\resources
2015-03-29 13:25:36,092 [Worker-3] INFO  o.e.m.c.i.embedder.EclipseLogger - Using 'UTF-8' encoding to copy filtered resources.
2015-03-29 13:25:36,092 [Worker-3] INFO  o.e.m.c.i.embedder.EclipseLogger - skip non existing resourceDirectory E:\PLA\core\src\test\resources
2015-03-29 15:44:28,856 [Worker-0] INFO  o.e.m.c.i.l.LifecycleMappingFactory - Using org.eclipse.m2e.jdt.JarLifecycleMapping lifecycle mapping for MavenProject: com.satya:core:0.0.1-SNAPSHOT @ E:\PLA\core\pom.xml.
2015-03-29 15:44:42,772 [Worker-4] INFO  o.e.m.c.i.embedder.EclipseLogger - Using 'UTF-8' encoding to copy filtered resources.
2015-03-29 15:44:42,772 [Worker-4] INFO  o.e.m.c.i.embedder.EclipseLogger - skip non existing resourceDirectory E:\PLA\core\src\main\resources
2015-03-29 15:44:42,775 [Worker-4] INFO  o.e.m.c.i.embedder.EclipseLogger - Using 'UTF-8' encoding to copy filtered resources.
2015-03-29 15:44:42,775 [Worker-4] INFO  o.e.m.c.i.embedder.EclipseLogger - skip non existing resourceDirectory E:\PLA\core\src\test\resources
2015-03-29 15:47:15,981 [Worker-1] INFO  o.e.m.c.i.embedder.EclipseLogger - Using 'UTF-8' encoding to copy filtered resources.
2015-03-29 15:47:15,982 [Worker-1] INFO  o.e.m.c.i.embedder.EclipseLogger - skip non existing resourceDirectory E:\PLA\core\src\main\resources
2015-03-29 15:47:15,983 [Worker-1] INFO  o.e.m.c.i.embedder.EclipseLogger - Using 'UTF-8' encoding to copy filtered resources.
2015-03-29 15:47:15,983 [Worker-1] INFO  o.e.m.c.i.embedder.EclipseLogger - skip non existing resourceDirectory E:\PLA\core\src\test\resources
2015-03-29 15:47:26,428 [Worker-2] INFO  o.e.m.c.i.embedder.EclipseLogger - Using 'UTF-8' encoding to copy filtered resources.
2015-03-29 15:47:26,428 [Worker-2] INFO  o.e.m.c.i.embedder.EclipseLogger - skip non existing resourceDirectory E:\PLA\core\src\main\resources
2015-03-29 15:47:26,430 [Worker-2] INFO  o.e.m.c.i.embedder.EclipseLogger - Using 'UTF-8' encoding to copy filtered resources.
2015-03-29 15:47:26,431 [Worker-2] INFO  o.e.m.c.i.embedder.EclipseLogger - skip non existing resourceDirectory E:\PLA\core\src\test\resources
2015-03-29 16:43:32,362 [Worker-16] INFO  o.e.m.c.i.embedder.EclipseLogger - Using 'UTF-8' encoding to copy filtered resources.
2015-03-29 16:43:32,362 [Worker-16] INFO  o.e.m.c.i.embedder.EclipseLogger - skip non existing resourceDirectory E:\PLA\core\src\main\resources
2015-03-29 16:43:32,364 [Worker-16] INFO  o.e.m.c.i.embedder.EclipseLogger - Using 'UTF-8' encoding to copy filtered resources.
2015-03-29 16:43:32,364 [Worker-16] INFO  o.e.m.c.i.embedder.EclipseLogger - skip non existing resourceDirectory E:\PLA\core\src\test\resources
2015-03-29 17:56:31,422 [Worker-32] INFO  o.e.m.c.i.embedder.EclipseLogger - Using 'UTF-8' encoding to copy filtered resources.
2015-03-29 17:56:31,422 [Worker-32] INFO  o.e.m.c.i.embedder.EclipseLogger - skip non existing resourceDirectory E:\PLA\core\src\main\resources
2015-03-29 17:56:31,424 [Worker-32] INFO  o.e.m.c.i.embedder.EclipseLogger - Using 'UTF-8' encoding to copy filtered resources.
2015-03-29 17:56:31,424 [Worker-32] INFO  o.e.m.c.i.embedder.EclipseLogger - skip non existing resourceDirectory E:\PLA\core\src\test\resources
2015-03-29 17:58:07,768 [Worker-32] INFO  o.e.m.c.i.embedder.EclipseLogger - Using 'UTF-8' encoding to copy filtered resources.
2015-03-29 17:58:07,769 [Worker-32] INFO  o.e.m.c.i.embedder.EclipseLogger - skip non existing resourceDirectory E:\PLA\core\src\main\resources
2015-03-29 17:58:07,770 [Worker-32] INFO  o.e.m.c.i.embedder.EclipseLogger - Using 'UTF-8' encoding to copy filtered resources.
2015-03-29 17:58:07,770 [Worker-32] INFO  o.e.m.c.i.embedder.EclipseLogger - skip non existing resourceDirectory E:\PLA\core\src\test\resources
